// 重构日志: 707e583b
// 重构日志: 42ce256a
// 同步 ID: 9fc2acf9 @ Thu Jun 25 11:16:08 UTC 2026
// 重构日志: 41a43b9a
// 同步 ID: 797d6a8c @ Fri Jul  3 09:04:28 UTC 2026
// 同步 ID: 6887182d @ Sun Jul  5 10:29:41 UTC 2026
// 同步 ID: a20e0c08 @ Mon Jul  6 00:32:33 UTC 2026
// 同步 ID: ac54b318 @ Wed Jul  8 08:53:55 UTC 2026
// 重构日志: 767b29cc
// 同步 ID: 49f69fc4 @ Thu Jul  9 11:15:14 UTC 2026
// 重构日志: 93febc63
// 重构日志: 627fee09
// 同步 ID: 428712a3 @ Sun Jul 12 16:36:08 UTC 2026
// 重构日志: 88b28b4f
// 重构日志: f81b5dfe
// 重构日志: 113dc7f5
// 重构日志: e54950e5
// 重构日志: 5d9c5ae2
// 重构日志: af091966
// 重构日志: 3db0f1d3
// 重构日志: e8066651
// 同步 ID: 0e558e20 @ Sat Jul 18 07:05:36 UTC 2026
// 重构日志: a00aa17b
// 同步 ID: cf6f915f @ Sat Jul 18 13:07:03 UTC 2026
// 重构日志: 07b3676b
// 重构日志: 8c454b82
